diff --git a/application/modules/Impactx/Api/Core.php b/application/modules/Impactx/Api/Core.php
index a4c88df4..1447f815 100644
--- a/application/modules/Impactx/Api/Core.php
+++ b/application/modules/Impactx/Api/Core.php
@@ -5,7 +5,7 @@ class Impactx_Api_Core extends Core_Api_Abstract
     /*
      * This method is the copy from the Yndynamicform/Entries.php file, and I modified it according to my requirements.
      */
-    function getTotalSubmittedEntries($form_id) {
+    function getTotalSubmittedEntries($form_id, $params = array()) {
         $table = Engine_Api::_()->getDbtable('entries', 'yndynamicform');
         $rName = $table->info('name');
 
@@ -13,7 +13,7 @@ class Impactx_Api_Core extends Core_Api_Abstract
             ->where('form_id = ?', $form_id)
             ->where('submission_status = \'submitted\' OR submission_status = \'preview\'')
             ->order('creation_date DESC');
-
+        
         return count($table->fetchAll($select));
       
     }
@@ -21,20 +21,87 @@ class Impactx_Api_Core extends Core_Api_Abstract
     /*
      * This method is the copy from the Yndynamicform/Entries.php file, and I modified it according to my requirements.
      */
-    public function getSubmittedEntries($form_id, $page_no)
-    {
+    public function getSubmittedEntries($form_id, $page_no, $params = array(), $total_count = false)
+    {   
         $table = Engine_Api::_()->getDbtable('entries', 'yndynamicform');
         $rName = $table->info('name');
 
         $select = $table->select()->from($rName)
+            ->setIntegrityCheck(false)
             ->where('form_id = ?', $form_id)
-            ->where('submission_status = \'submitted\' OR submission_status = \'preview\'')
-            ->order('creation_date DESC');
+            ->where('submission_status = \'submitted\' OR submission_status = \'preview\'');
 
-        // return $this->fetchAll($select);
+       //fetch only submitted result
+        if (!empty($params['submission_status']))
+            $select->where("$rName.submission_status = ?", $params['submission_status']);
 
-         $paginator = Zend_Paginator::factory($select);
+        // project_id
+        if (!empty($params['project_id']))
+            $select->where("$rName.project_id = ?", $params['project_id']);
 
+        // KEYWORD TO SEARCH FORM TITLE
+        if (!empty($params['keyword'])) {
+            $searchTable = Engine_Api::_() -> getDbtable('search', 'core');
+            $sName = $searchTable -> info('name');
+            $select
+                -> joinRight($sName, $sName . '.id=' . $rName . '.form_id', null)
+                -> where($sName . '.type = ?', 'yndynamicform_form')
+                -> where($sName . '.title LIKE ?', "%{$params['keyword']}%")
+            ;
+        }
+
+        // Entry ID ? OR Form ID?
+        if (!empty($params['entry_id'])) {
+            $userTable = Engine_Api::_() -> getItemTable('user');
+            $uName = $userTable -> info('name');
+            $select->joinLeft($uName, $uName . '.user_id=' . $rName . '.owner_id', null);
+            $keyword = '%'.$params['entry_id'].'%';
+            $select->where("$rName.entry_id like ? OR $rName.user_email like ? OR $uName.username like ? OR $uName.displayname like ?" , $keyword, $keyword, $keyword, $keyword, $keyword);
+        }
+
+        // Time range
+        if (isset($params['start_date']) && !empty($params['start_date'])) {   
+            if( isset($params['start_date']['date']) && !empty($params['start_date']['date']) )
+                $start_date = date('Y-m-d', strtotime($params['start_date']['date'])) . ' 00:00:00';
+            
+            $select->where("$rName.creation_date >= ?", $start_date);
+        }
+        if (isset($params['to_date']) && !empty($params['to_date'])) {
+            if( isset($params['to_date']['date']) && !empty($params['to_date']['date']) )
+                $to_date = date('Y-m-d', strtotime($params['to_date']['date'])) . ' 00:00:00';
+//                $to_date = date('Y-m-d', strtotime($params['to_date']['date']) + 86399) . ' 00:00:00';
+            
+            $select->where("$rName.creation_date < ?", $to_date);
+//            $select->where("$rName.creation_date < ?", date("Y:m:d H:i:s", strtotime($params['to_date']) + 86399));
+        }
+
+        // PROCESS ADVANCED SEARCH
+        if (!empty($params['advsearch']) && !empty($params['conditional_logic'])) {
+            $valueTable = Engine_Api::_()->fields()->getTable('yndynamicform_entry', 'values');
+
+            $filedArr = $params['conditional_logic']['field_id'];
+            $opArr = $params['conditional_logic']['compare'];
+            $valueArr = $params['conditional_logic']['value'];
+            // TYPE IS USED TO PROCESS FILE UPLOAD FIELDS
+            $typeArr = $params['conditional_logic']['type'];
+            
+            // ADDITIONAL JOIN TO SEARCH CONDITIONALLY
+            foreach ($filedArr as $key => $field_id) {
+                // PROCESS FILE UPLOAD
+                $this->addCondition($select, $valueTable, $rName, $field_id, $opArr[$key], $valueArr[$key], $typeArr[$key]);
+            }
+        }
+        
+        
+//        $select->order('creation_date DESC');
+
+        // return $this->fetchAll($select);
+
+        $paginator = Zend_Paginator::factory($select);
+        
+        if( !empty($total_count) )
+            return $paginator->getTotalItemCount();
+        
         if (!empty($page_no)) {
             $paginator->setCurrentPageNumber($page_no);
         }
@@ -42,6 +109,84 @@ class Impactx_Api_Core extends Core_Api_Abstract
         return $paginator;
     }
     
+    public function addCondition(&$select, $valueTable, $rName, $field_id, $operator, $value, $type) {
+        
+        if( empty($value) )
+            return;
+        
+        
+        $vName = $valueTable->info('name');
+        // RANDOM STRING TO PAIR EACH COMPARE
+        $random = rand();
+try{
+//    echo "$vName AS t$random$field_id";
+//    echo '<br />';
+//    echo "$rName.entry_id = t$random$field_id.item_id";
+//    die;
+    $select->joinLeft("$vName AS t$random$field_id", "t$random$field_id.item_id=$rName.entry_id");
+//    $select->joinLeft("$vName AS t$random$field_id", "$rName.entry_id = t$random$field_id.item_id");
+} catch (Exception $ex) {
+    echo $ex; die;
+}
+//echo $select; die;
+//        $select->joinLeft("$vName AS t$random$field_id", "$rName.entry_id = t$random$field_id.item_id");
+
+        if ($type == 'file_upload') {
+            $notEmptyFields = array();
+            $fileSelect = $valueTable->select()->where('field_id = ? ', $field_id);
+            $fileFields = $valueTable->fetchall($fileSelect);
+            foreach ($fileFields as $fileField) {
+                $file_ids = json_decode(html_entity_decode($fileField->value))->file_ids;
+
+                if (!empty($file_ids)) {
+                    $notEmptyFields[] = $fileField->item_id;
+                }
+            }
+            $in = implode("','", $notEmptyFields);
+            if ($value) {
+                $select->where("t$random$field_id.item_id IN ('$in')");
+            } else {
+                $select->where("t$random$field_id.item_id NOT IN ('$in')");
+            }
+            $select->group("t$random$field_id.item_id");
+        }
+        else {
+            
+            $select->where("t$random$field_id.field_id = ?", $field_id);
+            switch ($operator) {
+                case 'is':
+                    $select->where("t$random$field_id.value = ?", $value);
+                    break;
+                case 'is_not':
+                    $select->where("t$random$field_id.value <> ?", $value);
+                    break;
+                case 'contains':
+                    $select->where("t$random$field_id.value LIKE ?", '%' . $value . '%');
+                    break;
+                case 'starts_with':
+                    $select->where("t$random$field_id.value LIKE ?", $value . '%');
+                    break;
+                case 'ends_with':
+                    $select->where("t$random$field_id.value LIKE ?", '%' . $value);
+                    break;
+                case 'does_not_contain':
+                    $select->where("t$random$field_id.value NOT LIKE ?", '%' . $value . '%');
+                    break;
+                case 'is':
+                    $select->where("t$random$field_id.value = ?", $value);
+                    break;
+                case 'after':
+                case 'greater_than':
+                    $select->where("t$random$field_id.value > ?", $value);
+                    break;
+                case 'before':
+                case 'less_than':
+                    $select->where("t$random$field_id.value < ?", $value);
+                    break;
+            }
+        }
+    }
+    
     /*
      * This method is the copy from the Yndynamicform/Entries.php file, and I modified it according to my requirements.
      */
diff --git a/application/modules/Impactx/settings/manifest.php b/application/modules/Impactx/settings/manifest.php
index c75cc237..ff6c61d7 100644
--- a/application/modules/Impactx/settings/manifest.php
+++ b/application/modules/Impactx/settings/manifest.php
@@ -3,7 +3,7 @@
   array (
     'type' => 'module',
     'name' => 'impactx',
-    'version' => '5.0.2',
+    'version' => '5.0.3',
     'sku' => 'impactx',
     'path' => 'application/modules/Impactx',
     'title' => 'Impactx Customization',
diff --git a/application/modules/Impactx/widgets/osmproject/Controller.php b/application/modules/Impactx/widgets/osmproject/Controller.php
index 96b46f86..83e844f4 100644
--- a/application/modules/Impactx/widgets/osmproject/Controller.php
+++ b/application/modules/Impactx/widgets/osmproject/Controller.php
@@ -17,9 +17,19 @@ class Impactx_Widget_OsmprojectController extends Engine_Content_Widget_Abstract
         }
         
         // Check about the organization map view
-        if( empty($project->project_map) )
-            return $this->setNoRender();
-
+        $project_map = !empty($project->project_map)? $project->project_map: 0;
+        if( !empty($project_map) && ($project_map > 1) ){
+            if( $project_map == 2 )
+                return $this->setNoRender();
+        }else if( !empty($project->project_id) ) {
+            $parentOrganization = Engine_Api::_()->getDbtable('pages', 'sitecrowdfunding')->getParentPages($project->project_id);
+            if( isset($parentOrganization['page_id']) && !empty($parentOrganization['page_id']) ) {
+                $sitepage = Engine_Api::_()->getItem('sitepage_page', $parentOrganization['page_id']);
+                if( empty($sitepage->organization_map) )
+                    return $this->setNoRender();
+            }
+        }
+       
         $params = $this->_getAllParams();
         $showAddress = true;
         if ($params && $params['hideAddress'] === true) {
diff --git a/application/modules/Sitecrowdfunding/Form/Overview.php b/application/modules/Sitecrowdfunding/Form/Overview.php
index 6111a9a5..b9706610 100644
--- a/application/modules/Sitecrowdfunding/Form/Overview.php
+++ b/application/modules/Sitecrowdfunding/Form/Overview.php
@@ -111,8 +111,8 @@ class Sitecrowdfunding_Form_Overview extends Engine_Form {
             'label' => 'Choose Project Map?',
             'description' => 'Selected map show on project profile page.',
             'multiOptions' => array(
-                '1' => 'OpenStreet Map',
-                '0' => 'Google Map',
+                '3' => 'OpenStreet Map',
+                '2' => 'Google Map',
             ),
             'value' => '0',
         ));
diff --git a/application/modules/Sitecrowdfunding/controllers/DashboardController.php b/application/modules/Sitecrowdfunding/controllers/DashboardController.php
index 70dcabdb..ae425865 100644
--- a/application/modules/Sitecrowdfunding/controllers/DashboardController.php
+++ b/application/modules/Sitecrowdfunding/controllers/DashboardController.php
@@ -309,7 +309,7 @@ class Sitecrowdfunding_DashboardController extends Core_Controller_Action_Standa
             $project->help_desc = $_POST['help_desc'];
             $project->desire_desc = $_POST['desire_desc'];
             $project->location = $_POST['location'];
-            $project->project_map = (isset($_POST['project_map']))? $_POST['project_map']: 0;
+            $project->project_map = (isset($_POST['project_map']))? $_POST['project_map']: 2;
 
             $db = Engine_Db_Table::getDefaultAdapter();
 
diff --git a/application/modules/Sitecrowdfunding/widgets/project-location/Controller.php b/application/modules/Sitecrowdfunding/widgets/project-location/Controller.php
index 3b9e38bb..1ad49826 100644
--- a/application/modules/Sitecrowdfunding/widgets/project-location/Controller.php
+++ b/application/modules/Sitecrowdfunding/widgets/project-location/Controller.php
@@ -29,8 +29,18 @@ class Sitecrowdfunding_Widget_ProjectLocationController extends Seaocore_Content
         }
         
         // Check about the organization map view
-        if( !empty($project->project_map) )
-            return $this->setNoRender();
+        $project_map = !empty($project->project_map)? $project->project_map: 0;
+        if( !empty($project_map) && ($project_map > 1) ){
+            if( $project_map == 3 )
+                return $this->setNoRender();
+        }else if( !empty($project->project_id) ) {
+            $parentOrganization = Engine_Api::_()->getDbtable('pages', 'sitecrowdfunding')->getParentPages($project->project_id);
+            if( isset($parentOrganization['page_id']) && !empty($parentOrganization['page_id']) ) {
+                $sitepage = Engine_Api::_()->getItem('sitepage_page', $parentOrganization['page_id']);
+                if( !empty($sitepage->organization_map) )
+                    return $this->setNoRender();
+            }
+        }
 
         $params = $this->_getAllParams();
         $showAddress = true;
diff --git a/application/modules/Sitepage/controllers/ManageformsController.php b/application/modules/Sitepage/controllers/ManageformsController.php
index 8d35d388..db17bee2 100644
--- a/application/modules/Sitepage/controllers/ManageformsController.php
+++ b/application/modules/Sitepage/controllers/ManageformsController.php
@@ -1909,6 +1909,31 @@ class Sitepage_ManageformsController extends Core_Controller_Action_Standard
         $this->view->sitepage = $sitepage = Engine_Api::_()->getItem('sitepage_page', $page_id);
         $this->view->form_id = $form_id =$this -> _getParam('form_id');
         $this->view->form = $form = Engine_Api::_() -> getItem('yndynamicform_form', $form_id);
+        
+        // SEARCH FORM
+        $this->view->search_form = $searchForm = new Yndynamicform_Form_EntryModeratorOrgSubmissionSearch();
+
+        // GET ADVANCED SEARCH FROM PARAMS
+        $searchParams = $_GET;// $this->_getAllParams();
+
+        if( isset($_GET['entry_id']) && !empty($_GET['entry_id']) )
+            $formParams['entry_id'] = $_GET['entry_id'];
+        
+        if( isset($_GET['start_date']['date']) && !empty($_GET['start_date']['date']) )
+            $formParams['start_date'] = date('Y-m-d', strtotime($_GET['start_date']['date']));
+
+        if( isset($_GET['to_date']['date']) && !empty($_GET['to_date']['date']) )
+            $formParams['to_date'] = date('Y-m-d', strtotime($_GET['to_date']['date']));
+        
+        if( isset($_GET['advsearch']) && !empty($_GET['advsearch']) )
+            $formParams['advsearch'] = $_GET['advsearch'];
+        
+        if( !empty($formParams) )
+            $searchForm->populate($formParams);
+
+        if($this->getRequest()->isPost() && !$searchForm->isValid($searchParams)) {
+            return;
+        }
 
         // CHECK FOR FORM EXISTENCE
         $id = $this -> _getParam('form_id', null);
@@ -1942,13 +1967,13 @@ class Sitepage_ManageformsController extends Core_Controller_Action_Standard
             }
         }
         
-        $this->view->totalSubmission = Engine_Api::_()->impactx()->getTotalSubmittedEntries($form_id);
+        $this->view->totalSubmission = Engine_Api::_()->impactx()->getSubmittedEntries($form_id, true, $searchParams, true);
         
 //        $this->view->totalSubmission = Engine_Api::_()->getDbTable('entries', 'yndynamicform')->getTotalSubmittedEntries($form_id);
         $this->view->totalAssign = Engine_Api::_()->getDbTable('projectforms', 'sitepage')->totalFormByPageId($form_id,$page_id);
 
 //        $form_submitted_paginator = Engine_Api::_()->getDbTable('entries', 'yndynamicform')->getSubmittedEntries($form_id,$form_submitted_page_no);
-        $form_submitted_paginator = Engine_Api::_()->impactx()->getSubmittedEntries($form_id, $form_submitted_page_no);
+        $form_submitted_paginator = Engine_Api::_()->impactx()->getSubmittedEntries($form_id, $form_submitted_page_no, $searchParams);
         $this->view->form_submitted_paginator = $form_submitted_paginator;
 
         $form_assigned_paginator = Engine_Api::_()->getDbTable('projectforms', 'sitepage')->formByPageId($form_id,$page_id,$form_assigned_page_no);
@@ -3633,9 +3658,21 @@ class Sitepage_ManageformsController extends Core_Controller_Action_Standard
             
             $getErrorMessageArray = $new_entry_form->getMessages();
             
+            /*
+             * If Hidden fields are mandatory then they should not be enforced unless they become unbidden.
+             */
+            if( isset($getErrorMessageArray) && !empty($getErrorMessageArray) ) {
+                foreach($getErrorMessageArray as $element_id => $messageArray) {
+                    if( isset($new_entry_form->$element_id->conditional_enabled) && !empty($new_entry_form->$element_id->conditional_enabled) )
+                        unset($getErrorMessageArray[$element_id]);
+                }
+            }
+            
+            
             if( !empty($getErrorMessageArray) && !empty($tempNumberErrors) )
                 $getErrorMessageArray = array_merge($tempNumberErrors, $getErrorMessageArray);
             
+            
             if( !empty($getErrorMessageArray) ) {
                 foreach( $getErrorMessageArray as $element_id => $messageArray ) {
                     $scriptString .= 'var temp_html = document.getElementById("'.$element_id.'-label").innerHTML;'
diff --git a/application/modules/Sitepage/views/scripts/manageforms/list.tpl b/application/modules/Sitepage/views/scripts/manageforms/list.tpl
index 0237312a..2a3583b3 100644
--- a/application/modules/Sitepage/views/scripts/manageforms/list.tpl
+++ b/application/modules/Sitepage/views/scripts/manageforms/list.tpl
@@ -16,7 +16,7 @@ $this->headScript()
     <div class="generic_layout_container layout_core_content">
 
         <div class="layout_middle">
-
+            
             <?php include_once APPLICATION_PATH . '/application/modules/Sitepage/views/scripts/edit_tabs.tpl'; ?>
 
             <div style="display: flex;">
@@ -41,9 +41,13 @@ $this->headScript()
 
             <div class="sitepage_edit_content">
 
+                <input type="hidden" id="advsearch_text" name="advsearch_text">
+                <?php echo $this->search_form->render($this); ?>
 
                 <button id="form_submitted_btn" class="accordion form_submitted" onclick="openAccordion('form_submitted',1)">Forms Submitted -  (<?php echo $this->totalSubmission ; ?>) <span id="form_submitted_spinner"></span></button>
 
+                <?php include_once APPLICATION_PATH . '/application/modules/Yndynamicform/views/scripts/_advanced_search.tpl'; ?>
+                
                 <div id="form_submitted_panel" class="panel form_submitted_panel">
                     <?php if ($this->form_submitted_paginator): ?>
 
@@ -61,6 +65,7 @@ $this->headScript()
 
                     <div>
                         <table class="yndform_my_entries_table" style="width: 100%">
+                            <?php if( !empty($this->totalSubmission) ): ?>
                             <thead>
                             <tr>
                                 <th field="entry_id">
@@ -193,6 +198,11 @@ $this->headScript()
                             </tr>
                             <?php endforeach; ?>
                             </tbody>
+                            <?php else: ?>
+                                <div class="tip">
+                                    <span>No entries found.</span>
+                                </div>
+                            <?php endif; ?>
                         </table>
                     </div>
                     <br />
@@ -641,7 +651,7 @@ $this->headScript()
     }
 
     div#advsearch-wrapper {
-        display: none;
+//        display: none;
     }
     #search {
         border-radius: 25px;
@@ -670,7 +680,7 @@ $this->headScript()
         margin-top: 10px;
     }
     .form-label{
-        display:none;
+        // display:none;
     }
     .span.ynicon.yn-arr-left{
         font-size: 16px;
@@ -822,3 +832,114 @@ $this->headScript()
     }
 </style>
 
+<script type="text/javascript">
+    $('advsearch_text').set('value', '<?php echo !empty($this->params['conditional_logic']) ? addslashes(json_encode($this->params['conditional_logic'])) : '' ?>');
+
+    var ynDynamicFormCalendar= {
+        currentText: '<?php echo $this->string()->escapeJavascript($this->translate('Today')) ?>',
+        monthNames: ['<?php echo $this->string()->escapeJavascript($this->translate('January')) ?>',
+            '<?php echo $this->string()->escapeJavascript($this->translate('February')) ?>',
+            '<?php echo $this->string()->escapeJavascript($this->translate('March')) ?>',
+            '<?php echo $this->string()->escapeJavascript($this->translate('April')) ?>',
+            '<?php echo $this->string()->escapeJavascript($this->translate('May')) ?>',
+            '<?php echo $this->string()->escapeJavascript($this->translate('June')) ?>',
+            '<?php echo $this->string()->escapeJavascript($this->translate('July')) ?>',
+            '<?php echo $this->string()->escapeJavascript($this->translate('August')) ?>',
+            '<?php echo $this->string()->escapeJavascript($this->translate('September')) ?>',
+            '<?php echo $this->string()->escapeJavascript($this->translate('October')) ?>',
+            '<?php echo $this->string()->escapeJavascript($this->translate('November')) ?>',
+            '<?php echo $this->string()->escapeJavascript($this->translate('December')) ?>',
+        ],
+        monthNamesShort: ['<?php echo $this->string()->escapeJavascript($this->translate('Jan')) ?>',
+            '<?php echo $this->string()->escapeJavascript($this->translate('Feb')) ?>',
+            '<?php echo $this->string()->escapeJavascript($this->translate('Mar')) ?>',
+            '<?php echo $this->string()->escapeJavascript($this->translate('Apr')) ?>',
+            '<?php echo $this->string()->escapeJavascript($this->translate('May')) ?>',
+            '<?php echo $this->string()->escapeJavascript($this->translate('Jun')) ?>',
+            '<?php echo $this->string()->escapeJavascript($this->translate('Jul')) ?>',
+            '<?php echo $this->string()->escapeJavascript($this->translate('Aug')) ?>',
+            '<?php echo $this->string()->escapeJavascript($this->translate('Sep')) ?>',
+            '<?php echo $this->string()->escapeJavascript($this->translate('Oct')) ?>',
+            '<?php echo $this->string()->escapeJavascript($this->translate('Nov')) ?>',
+            '<?php echo $this->string()->escapeJavascript($this->translate('Dec')) ?>',
+        ],
+        dayNames: ['<?php echo $this->string()->escapeJavascript($this->translate('Sunday')) ?>',
+            '<?php echo $this->string()->escapeJavascript($this->translate('Monday')) ?>',
+            '<?php echo $this->string()->escapeJavascript($this->translate('Tuesday')) ?>',
+            '<?php echo $this->string()->escapeJavascript($this->translate('Wednesday')) ?>',
+            '<?php echo $this->string()->escapeJavascript($this->translate('Thursday')) ?>',
+            '<?php echo $this->string()->escapeJavascript($this->translate('Friday')) ?>',
+            '<?php echo $this->string()->escapeJavascript($this->translate('Saturday')) ?>',
+        ],
+        dayNamesShort: ['<?php echo $this->translate('Su') ?>',
+            '<?php echo $this->string()->escapeJavascript($this->translate('Mo')) ?>',
+            '<?php echo $this->string()->escapeJavascript($this->translate('Tu')) ?>',
+            '<?php echo $this->string()->escapeJavascript($this->translate('We')) ?>',
+            '<?php echo $this->string()->escapeJavascript($this->translate('Th')) ?>',
+            '<?php echo $this->string()->escapeJavascript($this->translate('Fr')) ?>',
+            '<?php echo $this->string()->escapeJavascript($this->translate('Sa')) ?>',
+        ],
+        dayNamesMin: ['<?php echo $this->string()->escapeJavascript($this->translate('Su')) ?>',
+            '<?php echo $this->string()->escapeJavascript($this->translate('Mo')) ?>',
+            '<?php echo $this->string()->escapeJavascript($this->translate('Tu')) ?>',
+            '<?php echo $this->string()->escapeJavascript($this->translate('We')) ?>',
+            '<?php echo $this->string()->escapeJavascript($this->translate('Th')) ?>',
+            '<?php echo $this->string()->escapeJavascript($this->translate('Fr')) ?>',
+            '<?php echo $this->string()->escapeJavascript($this->translate('Sa')) ?>',
+        ],
+        firstDay: 0,
+        isRTL: <?php echo $this->layout()->orientation == 'right-to-left'? 'true':'false' ?>,
+        showMonthAfterYear: false,
+        yearSuffix: ''
+    };
+
+    jQuery(document).ready(function(){
+        jQuery.datepicker.setDefaults(ynDynamicFormCalendar);
+        jQuery('#start_date').datepicker({
+            firstDay: 1,
+            dateFormat: 'yy-mm-dd',
+            showOn: "button",
+            buttonImage:'<?php echo $this->baseUrl() ?>/application/modules/Yndynamicform/externals/images/calendar.png',
+            buttonImageOnly: true,
+            buttonText: '',
+        });
+
+        jQuery('#to_date').datepicker({
+            firstDay: 1,
+            dateFormat: 'yy-mm-dd',
+            showOn: "button",
+            buttonImage:'<?php echo $this->baseUrl() ?>/application/modules/Yndynamicform/externals/images/calendar.png',
+            buttonImageOnly: true,
+            buttonText: '<?php echo $this -> translate("Select date")?>'
+        });
+    });
+
+    function changeOrder(listby, default_direction){
+        var currentOrder = '<?php echo $this->params['fieldOrder'] ?>';
+        var currentOrderDirection = '<?php echo $this->params['direction'] ?>';
+
+        // Just change direction
+        if( listby == currentOrder ) {
+            $('direction').value = (currentOrderDirection == 'ASC' ? 'DESC' : 'ASC' );
+        } else {
+            $('fieldOrder').value = listby;
+            $('direction').value = default_direction;
+        }
+        $('yndform_moderator_search').submit();
+    }
+</script>
+        
+<style>
+ #start_date-hour, #start_date-minute, #start_date-ampm, #yndform_conditional_container {
+     display: none;
+ }
+ 
+ #to_date-hour, #to_date-minute, #to_date-ampm {
+     display: none;
+ }
+ 
+ #start_date-element, #to_date-element, #start_date-label, #to_date-label {
+     text-align: left !important;
+ }
+</style>
+
diff --git a/application/modules/Sitepagealbum/settings/ my-upgrade-4.2.0-4.2.1.sql b/application/modules/Sitepagealbum/settings/ my-upgrade-4.2.0-4.2.1.sql
deleted file mode 100644
index 5f0dee95..00000000
--- a/application/modules/Sitepagealbum/settings/ my-upgrade-4.2.0-4.2.1.sql	
+++ /dev/null
@@ -1,17 +0,0 @@
-INSERT IGNORE INTO `engine4_seaocore_tabs` (`module` ,`type` ,`name` ,`title` ,`enabled` ,`order` ,`limit`)VALUES
-('sitepagealbum', 'albums', 'recent_pagealbums', 'Recent', '1', '1', '24'),
-('sitepagealbum', 'albums', 'liked_pagealbums', 'Most Liked', '1', '2', '24'),
-('sitepagealbum', 'albums', 'viewed_pagealbums', 'Most Viewed', '1', '3', '24'),
-('sitepagealbum', 'albums', 'commented_pagealbums', 'Most Commented', '0', '4', '24'),
-('sitepagealbum', 'albums', 'featured_pagealbums', 'Featured', '0', '5', '24'),
-('sitepagealbum', 'albums', 'random_pagealbums', 'Random', '0', '6', '24'),
-('sitepagealbum', 'photos', 'recent_pagephotos', 'Recent', '1', '1', '24'),
-('sitepagealbum', 'photos', 'liked_pagephotos', 'Most Liked', '1', '2', '24'),
-('sitepagealbum', 'photos', 'viewed_pagephotos', 'Most Viewed', '1', '3', '24'),
-('sitepagealbum', 'photos', 'commented_pagephotos', 'Most Commented', '0', '4', '24'),
-('sitepagealbum', 'photos', 'featured_pagephotos', 'Featured', '0', '5', '24'),
-('sitepagealbum', 'photos', 'random_pagephotos', 'Random', '0', '6', '24');
-
-UPDATE `engine4_core_menuitems` SET `params` = '{"route":"sitepagealbum_home","action":"home"}' WHERE `engine4_core_menuitems`.`name` = 'sitepage_main_album' LIMIT 1 ;
-
-UPDATE `engine4_core_pages` SET `name` = 'sitepage_album_browse' WHERE `engine4_core_pages`.`name` ='sitepage_album_albumlist' LIMIT 1 ;
\ No newline at end of file
diff --git a/application/modules/Sitepagevideo/settings/ my-upgrade-4.2.0-4.2.1.sql b/application/modules/Sitepagevideo/settings/ my-upgrade-4.2.0-4.2.1.sql
deleted file mode 100644
index 3224903c..00000000
--- a/application/modules/Sitepagevideo/settings/ my-upgrade-4.2.0-4.2.1.sql	
+++ /dev/null
@@ -1,10 +0,0 @@
-UPDATE `engine4_core_menuitems` SET `params` = '{"route":"sitepagevideo_home","action":"home"}' WHERE `engine4_core_menuitems`.`name` = 'sitepage_main_video' LIMIT 1 ;
-UPDATE `engine4_core_pages` SET `name` = 'sitepagevideo_index_browse' WHERE `engine4_core_pages`.`name` ='sitepagevideo_index_videolist' LIMIT 1 ;
-
-INSERT IGNORE INTO `engine4_seaocore_tabs` (`module` ,`type` ,`name` ,`title` ,`enabled` ,`order` ,`limit`)VALUES
-('sitepagevideo', 'videos', 'recent_pagevideos', 'Recent', '1', '1', '24'),
-('sitepagevideo', 'videos', 'liked_pagevideos', 'Most Liked', '1', '2', '24'),
-('sitepagevideo', 'videos', 'viewed_pagevideos', 'Most Viewed', '1', '3', '24'),
-('sitepagevideo', 'videos', 'commented_pagevideos', 'Most Commented', '0', '4', '24'),
-('sitepagevideo', 'videos', 'featured_pagevideos', 'Featured', '0', '5', '24'),
-('sitepagevideo', 'videos', 'random_pagevideos', 'Random', '0', '6', '24');
\ No newline at end of file
diff --git a/application/modules/Yndynamicform/Model/DbTable/Entries.php b/application/modules/Yndynamicform/Model/DbTable/Entries.php
index 618dc337..1fe053db 100644
--- a/application/modules/Yndynamicform/Model/DbTable/Entries.php
+++ b/application/modules/Yndynamicform/Model/DbTable/Entries.php
@@ -122,6 +122,8 @@ class Yndynamicform_Model_DbTable_Entries extends Engine_Db_Table
                 $this->addCondition($select, $valueTable, $rName, $field_id, $opArr[$key], $valueArr[$key], $typeArr[$key]);
             }
         }
+        
+        
 
         if (!empty($params['fieldOrder']) && !empty($params['direction'])) {
             $select -> order("{$params['fieldOrder']} {$params['direction']}");
@@ -161,7 +163,7 @@ class Yndynamicform_Model_DbTable_Entries extends Engine_Db_Table
         $vName = $valueTable->info('name');
         // RANDOM STRING TO PAIR EACH COMPARE
         $random = rand();
-        $select->joinLeft("$vName AS t$random$field_id", "$rName.entry_id = t$random$field_id.item_id");
+        $select->joinLeft("$vName AS t$random$field_id", "t$random$field_id.item_id=$rName.entry_id");
 
         if ($type == 'file_upload') {
             $notEmptyFields = array();
diff --git a/application/modules/Yndynamicform/View/Helper/YndformFieldValueLoop.php b/application/modules/Yndynamicform/View/Helper/YndformFieldValueLoop.php
index 3324d357..bb7580f2 100644
--- a/application/modules/Yndynamicform/View/Helper/YndformFieldValueLoop.php
+++ b/application/modules/Yndynamicform/View/Helper/YndformFieldValueLoop.php
@@ -10,6 +10,7 @@ class Yndynamicform_View_Helper_YndformFieldValueLoop extends Fields_View_Helper
 {
     public function yndformFieldValueLoop($subject, $partialStructure, $isPrint = true)
     {
+        
         if (empty($partialStructure)) {
             return '';
         }
@@ -17,6 +18,11 @@ class Yndynamicform_View_Helper_YndformFieldValueLoop extends Fields_View_Helper
         if (!($subject instanceof Core_Model_Item_Abstract) || !$subject->getIdentity()) {
             return '';
         }
+        
+        $metric_formulas_array = array();
+        if( isset($subject->metric_formulas) && !empty($subject->metric_formulas) )
+            $metric_formulas_array = json_decode($subject->metric_formulas, true);
+        
         // Init user_analytic_fields
         $yndform = $subject->getForm();
         $viewer = Engine_Api::_() -> user() -> getViewer();
@@ -59,11 +65,14 @@ class Yndynamicform_View_Helper_YndformFieldValueLoop extends Fields_View_Helper
                     
                     $default_color = '';
                     if( $field->type == 'metrics' ) {
+                        // $metric_formulas_array
                         $default_color = 'style="color: #f35f5f; font-weight: bold;"';
-                        if( ($field->config['metric_aggregate_type'] == 'metric_sum') )
+                        if( ($field->config['metric_aggregate_type'] == 'metric_sum') ) {
                             $label = $label . '<br /><span style="font-size: 11px;">(Calculated automatically)</span>';
-                        else
-                            $label = $label . '<br /><span style="font-size: 11px;">(Calculated automatically)<br />Formula: ' . $field->config['own_actual_formula'] . '</span>';
+                        } else {
+                            $formula = !empty($metric_formulas_array[$field->config['selected_metric_id']])? $metric_formulas_array[$field->config['selected_metric_id']]: $field->config['own_actual_formula'];
+                            $label = $label . '<br /><span style="font-size: 11px;">(Calculated automatically)<br />Formula: ' . $formula . '</span>';
+                        }
 
                         if( !empty($field->config['selected_metric_id']) ) {
                             $metricUrl = $this->view->url(array('action' => 'index','metric_id' => $field->config['selected_metric_id']), "sitepage_metrics");
@@ -103,10 +112,12 @@ EOF;
                     $default_color = '';
                     if( $field->type == 'metrics' ) {
                         $default_color = 'style="color: #f35f5f; font-weight: bold;"';
-                        if( ($field->config['metric_aggregate_type'] == 'metric_sum') )
+                        if( ($field->config['metric_aggregate_type'] == 'metric_sum') ) {
                             $label = $label . '<br /><span style="font-size: 11px;">(Calculated automatically)</span>';
-                        else
-                            $label = $label . '<br /><span style="font-size: 11px;">(Calculated automatically)<br />Formula: ' . $field->config['own_actual_formula'] . '</span>';
+                        } else {
+                            $formula = !empty($metric_formulas_array[$field->config['selected_metric_id']])? $metric_formulas_array[$field->config['selected_metric_id']]: $field->config['own_actual_formula'];
+                            $label = $label . '<br /><span style="font-size: 11px;">(Calculated automatically)<br />Formula: ' . $formula . '</span>';
+                        }
 
                         if( !empty($field->config['selected_metric_id']) ) {
                             $metricUrl = $this->view->url(array('action' => 'index','metric_id' => $field->config['selected_metric_id']), "sitepage_metrics");
diff --git a/application/modules/Yndynamicform/controllers/EntriesController.php b/application/modules/Yndynamicform/controllers/EntriesController.php
index 127f92d1..f9eca201 100644
--- a/application/modules/Yndynamicform/controllers/EntriesController.php
+++ b/application/modules/Yndynamicform/controllers/EntriesController.php
@@ -2138,7 +2138,21 @@ class Yndynamicform_EntriesController extends Core_Controller_Action_Standard
                 return;
             }
 
-
+            /*
+             * Set the post values to bypass the save functionality
+             */
+            if( !empty($is_saved) ) {
+                $postValues = $this->getRequest()->getPost();
+                $tempValue = time();
+                foreach($postValues as $key => $value) {
+//                    
+//                    $abc = $new_entry_form->getElement($key);
+//                    
+                    if( strstr($key, "_") && empty($value) ) {
+                        $_POST[$key] = $tempValue;
+                    }
+                }
+            }
 
             /*
              * Cheat: Because some field are not valid conditional logic but admin config they are required.
@@ -2687,10 +2701,15 @@ class Yndynamicform_EntriesController extends Core_Controller_Action_Standard
 
                 $new_entry_form->setItem($new_entry);
                 $new_entry_form->saveValues();
+                
+                // DEEPAK
+                $db->query("DELETE FROM engine4_yndynamicform_entry_fields_values WHERE item_id=".$new_entry->entry_id." AND value = '$tempValue'");
+
 
                 // save metrics value in activity
                 if($this->getRequest()->isPost() && $new_entry_form->isValid($this->getRequest()->getPost())) {
                     $val = (array)$new_entry_form->getValues();
+                    $own_actual_formula = array();
                     foreach ($val as $key=>$value){
 
                         $valueSaved = $new_entry_form->getValue($key);
@@ -2709,6 +2728,9 @@ class Yndynamicform_EntriesController extends Core_Controller_Action_Standard
 
                             $config = json_decode($fieldsLabel[0]['config']);
                             $metric_id = $config->selected_metric_id;
+                            
+                            if( isset($config->own_actual_formula) && !empty($config->own_actual_formula) )
+                                $own_actual_formula[$metric_id] = $config->own_actual_formula;
 
                             if(!empty($metric_id)){
 
@@ -2722,6 +2744,11 @@ class Yndynamicform_EntriesController extends Core_Controller_Action_Standard
                             }
                         }
                     }
+                    
+                    if( isset($own_actual_formula) && !empty($own_actual_formula) ) {
+                        $new_entry->metric_formulas = json_encode($own_actual_formula);
+                        $new_entry->save();
+                    }
                 }
 
                 // Auth
